Build/android/PublishProject/ver20170520163234/app/build/outputs/logs/manifest-merger-release-report.txt
-- Merging decision tree log ---
manifest
ADDED from ver20170520163234\app\AndroidManifest.xml:1:1-22:12
	package
		ADDED from ver20170520163234\app\AndroidManifest.xml:2:5-41
	android:versionName
		INJECTED from ver20170520163234\app\AndroidManifest.xml
		INJECTED from ver20170520163234\app\AndroidManifest.xml
	xmlns:android
		ADDED from ver20170520163234\app\AndroidManifest.xml:1:11-69
	android:versionCode
		INJECTED from ver20170520163234\app\AndroidManifest.xml
		INJECTED from ver20170520163234\app\AndroidManifest.xml
application
ADDED from ver20170520163234\app\AndroidManifest.xml:4:5-20:19
	android:label
		ADDED from ver20170520163234\app\AndroidManifest.xml:7:9-41
	android:supportsRtl
		ADDED from ver20170520163234\app\AndroidManifest.xml:8:9-35
	android:allowBackup
		ADDED from ver20170520163234\app\AndroidManifest.xml:5:9-35
	android:icon
		ADDED from ver20170520163234\app\AndroidManifest.xml:6:9-43
	android:theme
		ADDED from ver20170520163234\app\AndroidManifest.xml:9:9-71
activity#com.qiciengine.QICIEngineActivity
ADDED from ver20170520163234\app\AndroidManifest.xml:10:9-19:20
	android:screenOrientation
		ADDED from ver20170520163234\app\AndroidManifest.xml:12:13-61
		INJECTED from ver20170520163234\app\AndroidManifest.xml
	android:label
		ADDED from ver20170520163234\app\AndroidManifest.xml:13:13-45
	android:name
		ADDED from ver20170520163234\app\AndroidManifest.xml:11:13-61
intent-filter#android.intent.action.MAIN+android.intent.category.LAUNCHER
ADDED from ver20170520163234\app\AndroidManifest.xml:14:13-18:29
action#android.intent.action.MAIN
ADDED from ver20170520163234\app\AndroidManifest.xml:15:17-69
	android:name
		ADDED from ver20170520163234\app\AndroidManifest.xml:15:25-66
category#android.intent.category.LAUNCHER
ADDED from ver20170520163234\app\AndroidManifest.xml:17:17-77
	android:name
		ADDED from ver20170520163234\app\AndroidManifest.xml:17:27-74
uses-sdk
INJECTED from ver20170520163234\app\AndroidManifest.xml reason: use-sdk injection requested
MERGED from [ver20170520163234.library_projects:xwalk_core_library:unspecified] AndroidManifest.xml:7:5-9:41
	android:targetSdkVersion
		ADDED from [ver20170520163234.library_projects:xwalk_core_library:unspecified] AndroidManifest.xml:9:9-38
	android:minSdkVersion
		INJECTED from ver20170520163234\app\AndroidManifest.xml
		INJECTED from ver20170520163234\app\AndroidManifest.xml
uses-permission#android.permission.ACCESS_FINE_LOCATION
ADDED from [ver20170520163234.library_projects:xwalk_core_library:unspecified] AndroidManifest.xml:11:5-79
	android:name
		ADDED from [ver20170520163234.library_projects:xwalk_core_library:unspecified] AndroidManifest.xml:11:22-76
uses-permission#android.permission.ACCESS_NETWORK_STATE
ADDED from [ver20170520163234.library_projects:xwalk_core_library:unspecified] AndroidManifest.xml:12:5-79
	android:name
		ADDED from [ver20170520163234.library_projects:xwalk_core_library:unspecified] AndroidManifest.xml:12:22-76
uses-permission#android.permission.ACCESS_WIFI_STATE
ADDED from [ver20170520163234.library_projects:xwalk_core_library:unspecified] AndroidManifest.xml:13:5-76
	android:name
		ADDED from [ver20170520163234.library_projects:xwalk_core_library:unspecified] AndroidManifest.xml:13:22-73
uses-permission#android.permission.CAMERA
ADDED from [ver20170520163234.library_projects:xwalk_core_library:unspecified] AndroidManifest.xml:14:5-65
	android:name
		ADDED from [ver20170520163234.library_projects:xwalk_core_library:unspecified] AndroidManifest.xml:14:22-62
uses-permission#android.permission.INTERNET
ADDED from [ver20170520163234.library_projects:xwalk_core_library:unspecified] AndroidManifest.xml:15:5-67
	android:name
		ADDED from [ver20170520163234.library_projects:xwalk_core_library:unspecified] AndroidManifest.xml:15:22-64
uses-permission#android.permission.MODIFY_AUDIO_SETTINGS
ADDED from [ver20170520163234.library_projects:xwalk_core_library:unspecified] AndroidManifest.xml:16:5-80
	android:name
		ADDED from [ver20170520163234.library_projects:xwalk_core_library:unspecified] AndroidManifest.xml:16:22-77
uses-permission#android.permission.RECORD_AUDIO
ADDED from [ver20170520163234.library_projects:xwalk_core_library:unspecified] AndroidManifest.xml:17:5-71
	android:name
		ADDED from [ver20170520163234.library_projects:xwalk_core_library:unspecified] AndroidManifest.xml:17:22-68
uses-permission#android.permission.WAKE_LOCK
ADDED from [ver20170520163234.library_projects:xwalk_core_library:unspecified] AndroidManifest.xml:18:5-68
	android:name
		ADDED from [ver20170520163234.library_projects:xwalk_core_library:unspecified] AndroidManifest.xml:18:22-65
uses-permission#android.permission.WRITE_EXTERNAL_STORAGE
ADDED from [ver20170520163234.library_projects:xwalk_core_library:unspecified] AndroidManifest.xml:19:5-81
	android:name
		ADDED from [ver20170520163234.library_projects:xwalk_core_library:unspecified] AndroidManifest.xml:19:22-78